[debug] [2022-12-12T21:17:38.782Z] ----------------------------------------------------------------------
[debug] [2022-12-12T21:17:38.784Z] Command:       C:\Program Files\nodejs\node.exe C:\Users\sumit\AppData\Roaming\npm\node_modules\firebase-tools\lib\bin\firebase.js init
[debug] [2022-12-12T21:17:38.784Z] CLI Version:   11.17.0
[debug] [2022-12-12T21:17:38.784Z] Platform:      win32
[debug] [2022-12-12T21:17:38.784Z] Node Version:  v18.12.1
[debug] [2022-12-12T21:17:38.785Z] Time:          Tue Dec 13 2022 02:47:38 GMT+0530 (India Standard Time)
[debug] [2022-12-12T21:17:38.785Z] ----------------------------------------------------------------------
[debug] 
[debug] [2022-12-12T21:17:38.793Z] > command requires scopes: ["email","openid","https://www.googleapis.com/auth/cloudplatformprojects.readonly","https://www.googleapis.com/auth/firebase","https://www.googleapis.com/auth/cloud-platform"]
[debug] [2022-12-12T21:17:38.794Z] > authorizing via signed-in user (sumitkumarsharma372@gmail.com)
[info] 
     ######## #### ########  ######## ########     ###     ######  ########
     ##        ##  ##     ## ##       ##     ##  ##   ##  ##       ##
     ######    ##  ########  ######   ########  #########  ######  ######
     ##        ##  ##    ##  ##       ##     ## ##     ##       ## ##
     ##       #### ##     ## ######## ########  ##     ##  ######  ########

You're about to initialize a Firebase project in this directory:

  D:\web\auth_inNode_with_email_verification\client

[info] 
=== Project Setup
[info] 
[info] First, let's associate this project directory with a Firebase project.
[info] You can create multiple project aliases by running firebase use --add, 
[info] but for now we'll just set up a default project.
[info] 
[debug] [2022-12-12T21:19:19.864Z] >>> [apiv2][query] GET https://firebase.googleapis.com/v1beta1/projects pageSize=100
[debug] [2022-12-12T21:19:21.143Z] <<< [apiv2][status] GET https://firebase.googleapis.com/v1beta1/projects 200
[debug] [2022-12-12T21:19:21.144Z] <<< [apiv2][body] GET https://firebase.googleapis.com/v1beta1/projects [omitted]
[info] i  Using project authorizey (authorizey) 
[info] 
=== Hosting Setup
[info] 
[info] Your public directory is the folder (relative to your project directory) that
[info] will contain Hosting assets to be uploaded with firebase deploy. If you
[info] have a build process for your assets, use your build's output directory.
[info] 
[debug] [2022-12-12T21:20:28.532Z] >>> [apiv2][query] GET https://www.gstatic.com/firebasejs/releases.json [none]
[debug] [2022-12-12T21:20:29.004Z] <<< [apiv2][status] GET https://www.gstatic.com/firebasejs/releases.json 200
[debug] [2022-12-12T21:20:29.004Z] <<< [apiv2][body] GET https://www.gstatic.com/firebasejs/releases.json {"current":{"version":"9.15.0","browserURL":"https://www.gstatic.com/firebasejs/9.15.0/firebase.js","packageURL":"https://www.gstatic.com/firebasejs/9.15.0/firebase.tgz"},"live":{"version":"9.15","browserURL":"https://www.gstatic.com/firebasejs/live/9.15/firebase.js","packageURL":"https://www.gstatic.com/firebasejs/live/9.15/firebase.tgz"},"components":{"analytics":"https://www.gstatic.com/firebasejs/9.15.0/firebase-analytics.js","app":"https://www.gstatic.com/firebasejs/9.15.0/firebase-app.js","app-check":"https://www.gstatic.com/firebasejs/9.15.0/firebase-app-check.js","auth":"https://www.gstatic.com/firebasejs/9.15.0/firebase-auth.js","auth/cordova":"https://www.gstatic.com/firebasejs/9.15.0/firebase-auth/cordova.js","auth/react-native":"https://www.gstatic.com/firebasejs/9.15.0/firebase-auth/react-native.js","functions":"https://www.gstatic.com/firebasejs/9.15.0/firebase-functions.js","firestore":"https://www.gstatic.com/firebasejs/9.15.0/firebase-firestore.js","firestore/lite":"https://www.gstatic.com/firebasejs/9.15.0/firebase-firestore/lite.js","installations":"https://www.gstatic.com/firebasejs/9.15.0/firebase-installations.js","storage":"https://www.gstatic.com/firebasejs/9.15.0/firebase-storage.js","performance":"https://www.gstatic.com/firebasejs/9.15.0/firebase-performance.js","remote-config":"https://www.gstatic.com/firebasejs/9.15.0/firebase-remote-config.js","messaging":"https://www.gstatic.com/firebasejs/9.15.0/firebase-messaging.js","messaging/sw":"https://www.gstatic.com/firebasejs/9.15.0/firebase-messaging/sw.js","database":"https://www.gstatic.com/firebasejs/9.15.0/firebase-database.js","firestore.memory":"https://www.gstatic.com/firebasejs/9.15.0/firebase-firestore.memory.js"}}
[info] i  Skipping write of build/index.html 
[info] 
[info] i  Didn't detect a .git folder. Assuming D:\web\auth_inNode_with_email_verification\client is the project root. 
[info] i  Authorizing with GitHub to upload your service account to a GitHub repository's secrets store. 
[info] 
[info] Visit this URL on this device to log in:
[info] https://github.com/login/oauth/authorize?client_id=89cf50f02ac6aaed3484&state=908151196&redirect_uri=http%3A%2F%2Flocalhost%3A9005&scope=read%3Auser%20repo%20public_repo
[info] 
[info] Waiting for authentication...
[debug] [2022-12-12T21:20:46.362Z] >>> [apiv2][query] POST https://github.com/login/oauth/access_token [none]
[debug] [2022-12-12T21:20:46.362Z] >>> [apiv2][body] POST https://github.com/login/oauth/access_token [stream]
[debug] [2022-12-12T21:20:47.077Z] <<< [apiv2][status] POST https://github.com/login/oauth/access_token 200
[debug] [2022-12-12T21:20:47.077Z] <<< [apiv2][body] POST https://github.com/login/oauth/access_token {"access_token":"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","token_type":"bearer","scope":"read:user,repo"}
[debug] [2022-12-12T21:20:47.082Z] >>> [apiv2][query] GET https://api.github.com/user [none]
[debug] [2022-12-12T21:20:47.842Z] <<< [apiv2][status] GET https://api.github.com/user 200
[debug] [2022-12-12T21:20:47.842Z] <<< [apiv2][body] GET https://api.github.com/user {"login":"sumitsharma372","id":96824839,"node_id":"U_kgDOBcVuBw","avatar_url":"https://avatars.githubusercontent.com/u/96824839?v=4","gravatar_id":"","url":"https://api.github.com/users/sumitsharma372","html_url":"https://github.com/sumitsharma372","followers_url":"https://api.github.com/users/sumitsharma372/followers","following_url":"https://api.github.com/users/sumitsharma372/following{/other_user}","gists_url":"https://api.github.com/users/sumitsharma372/gists{/gist_id}","starred_url":"https://api.github.com/users/sumitsharma372/starred{/owner}{/repo}","subscriptions_url":"https://api.github.com/users/sumitsharma372/subscriptions","organizations_url":"https://api.github.com/users/sumitsharma372/orgs","repos_url":"https://api.github.com/users/sumitsharma372/repos","events_url":"https://api.github.com/users/sumitsharma372/events{/privacy}","received_events_url":"https://api.github.com/users/sumitsharma372/received_events","type":"User","site_admin":false,"name":"Sumit Kumar Sharma","company":null,"blog":"","location":"Kharagpur","email":null,"hireable":true,"bio":null,"twitter_username":null,"public_repos":21,"public_gists":0,"followers":2,"following":4,"created_at":"2021-12-29T11:55:15Z","updated_at":"2022-12-10T08:21:36Z","private_gists":0,"total_private_repos":1,"owned_private_repos":1,"disk_usage":27844,"collaborators":0,"two_factor_authentication":false,"plan":{"name":"pro","space":976562499,"collaborators":0,"private_repos":9999}}
[info] 
[info] +  Success! Logged into GitHub as sumitsharma372 
[info] 
